<?xml version="1.0" encoding="UTF-8"?>
<!-- Generated by org.testng.reporters.JUnitReportReporter -->
<testsuite hostname="KAI-DT136" name="com.SchoolOfDragons.SchoolOfDragons_Live_CreateAge12AuthorisedUser.TestCase5" tests="1" failures="0" timestamp="11 May 2016 09:28:23 GMT" time="105.283" errors="0">
  <testcase name="createNewUserAge12" time="105.283" classname="com.SchoolOfDragons.SchoolOfDragons_Live_CreateAge12AuthorisedUser.TestCase5"/>
</testsuite> <!-- com.SchoolOfDragons.SchoolOfDragons_Live_CreateAge12AuthorisedUser.TestCase5 -->
