<?xml version="1.0" encoding="UTF-8"?>
<!-- Generated by org.testng.reporters.JUnitReportReporter -->
<testsuite hostname="KAI-DT136" name="com.SchoolOfDragons.SchoolOfDragons_Live_CreateAge12AuthorisedUser.TestCase5" tests="1" failures="0" timestamp="12 May 2016 11:49:43 GMT" time="126.088" errors="0">
  <testcase name="createNewUserAge12" time="126.088" classname="com.SchoolOfDragons.SchoolOfDragons_Live_CreateAge12AuthorisedUser.TestCase5"/>
</testsuite> <!-- com.SchoolOfDragons.SchoolOfDragons_Live_CreateAge12AuthorisedUser.TestCase5 -->
